2018-06-23 11:14:55,725-[TS] INFO main org.hibernate.validator.internal.util.Version - HV000001: Hibernate Validator 5.4.2.Final
2018-06-23 11:18:57,125-[TS] INFO main org.hibernate.validator.internal.util.Version - HV000001: Hibernate Validator 5.4.2.Final
2018-06-23 12:24:05,441-[TS] INFO main org.hibernate.validator.internal.util.Version - HV000001: Hibernate Validator 5.4.2.Final
2018-06-23 12:24:06,112-[TS] INFO main com.neuedu.RedisTest - org.springframework.data.redis.core.RedisTemplate@65e61854
2018-06-23 12:28:12,292-[TS] INFO main org.hibernate.validator.internal.util.Version - HV000001: Hibernate Validator 5.4.2.Final
2018-06-23 12:28:13,025-[TS] INFO main com.neuedu.RedisTest - org.springframework.data.redis.core.RedisTemplate@65e61854
2018-06-23 12:28:51,360-[TS] INFO main org.hibernate.validator.internal.util.Version - HV000001: Hibernate Validator 5.4.2.Final
2018-06-23 12:28:52,077-[TS] INFO main com.neuedu.RedisTest - org.springframework.data.redis.core.RedisTemplate@65e61854
2018-06-23 12:31:16,759-[TS] INFO main org.hibernate.validator.internal.util.Version - HV000001: Hibernate Validator 5.4.2.Final
2018-06-23 12:31:17,445-[TS] INFO main com.neuedu.RedisTest - org.springframework.data.redis.core.RedisTemplate@5c48c0c0
2018-06-23 12:39:37,233-[TS] INFO main org.hibernate.validator.internal.util.Version - HV000001: Hibernate Validator 5.4.2.Final
2018-06-23 12:39:37,935-[TS] INFO main com.neuedu.RedisTest - org.springframework.data.redis.core.RedisTemplate@5c48c0c0
2018-06-23 12:41:14,628-[TS] INFO main org.hibernate.validator.internal.util.Version - HV000001: Hibernate Validator 5.4.2.Final
2018-06-23 12:41:15,330-[TS] INFO main com.neuedu.RedisTest - org.springframework.data.redis.core.RedisTemplate@5c48c0c0
2018-06-23 12:41:49,898-[TS] INFO main org.hibernate.validator.internal.util.Version - HV000001: Hibernate Validator 5.4.2.Final
2018-06-23 12:41:50,631-[TS] INFO main com.neuedu.RedisTest - org.springframework.data.redis.core.RedisTemplate@5c48c0c0
2018-06-23 12:41:51,520-[TS] INFO main com.neuedu.RedisTest - ee
2018-06-23 12:42:51,857-[TS] INFO main org.hibernate.validator.internal.util.Version - HV000001: Hibernate Validator 5.4.2.Final
2018-06-23 12:42:52,528-[TS] INFO main com.neuedu.RedisTest - org.springframework.data.redis.core.RedisTemplate@5c48c0c0
2018-06-23 12:42:53,011-[TS] INFO main com.neuedu.RedisTest - ee
2018-06-23 12:54:40,682-[TS] INFO main org.hibernate.validator.internal.util.Version - HV000001: Hibernate Validator 5.4.2.Final
2018-06-23 12:54:41,321-[TS] INFO main com.neuedu.RedisTest - org.springframework.data.redis.core.RedisTemplate@5c48c0c0
2018-06-23 12:54:41,555-[TS] INFO main com.neuedu.RedisTest - ee
2018-06-23 12:55:02,645-[TS] INFO main org.hibernate.validator.internal.util.Version - HV000001: Hibernate Validator 5.4.2.Final
2018-06-23 12:55:03,643-[TS] INFO main com.neuedu.RedisTest - org.springframework.data.redis.core.RedisTemplate@5c48c0c0
2018-06-23 12:55:03,955-[TS] INFO main com.neuedu.RedisTest - ee
2018-06-23 12:55:15,862-[TS] INFO main org.hibernate.validator.internal.util.Version - HV000001: Hibernate Validator 5.4.2.Final
2018-06-23 12:55:16,548-[TS] INFO main com.neuedu.RedisTest - org.springframework.data.redis.core.RedisTemplate@5c48c0c0
2018-06-23 12:55:16,689-[TS] INFO main com.neuedu.RedisTest - 
2018-06-23 12:56:30,435-[TS] INFO main org.hibernate.validator.internal.util.Version - HV000001: Hibernate Validator 5.4.2.Final
2018-06-23 12:56:31,106-[TS] INFO main com.neuedu.RedisTest - org.springframework.data.redis.core.RedisTemplate@5c48c0c0
2018-06-23 12:56:31,168-[TS] INFO main com.neuedu.RedisTest - eeeeeeeeeeeeeeeeeeeeeee
2018-06-23 12:57:22,981-[TS] INFO main org.hibernate.validator.internal.util.Version - HV000001: Hibernate Validator 5.4.2.Final
2018-06-23 12:57:23,854-[TS] INFO main com.neuedu.RedisTest - org.springframework.data.redis.core.RedisTemplate@1317b708
2018-06-23 12:57:24,510-[TS] INFO main com.neuedu.RedisTest - ee
2018-06-23 12:57:53,444-[TS] INFO main org.hibernate.validator.internal.util.Version - HV000001: Hibernate Validator 5.4.2.Final
2018-06-23 12:57:54,130-[TS] INFO main com.neuedu.RedisTest - org.springframework.data.redis.core.RedisTemplate@5c48c0c0
2018-06-23 12:59:05,052-[TS] INFO main org.hibernate.validator.internal.util.Version - HV000001: Hibernate Validator 5.4.2.Final
2018-06-23 12:59:05,816-[TS] INFO main com.neuedu.RedisTest - org.springframework.data.redis.core.RedisTemplate@5c48c0c0
2018-06-23 12:59:06,347-[TS] INFO main com.neuedu.RedisTest - ee
2018-06-23 12:59:38,673-[TS] INFO main org.hibernate.validator.internal.util.Version - HV000001: Hibernate Validator 5.4.2.Final
2018-06-23 12:59:39,391-[TS] INFO main com.neuedu.RedisTest - org.springframework.data.redis.core.RedisTemplate@5c48c0c0
2018-06-23 12:59:42,558-[TS] INFO main com.neuedu.RedisTest - 
2018-06-23 13:01:37,332-[TS] INFO main org.hibernate.validator.internal.util.Version - HV000001: Hibernate Validator 5.4.2.Final
2018-06-23 13:01:38,049-[TS] INFO main com.neuedu.RedisTest - org.springframework.data.redis.core.RedisTemplate@5c48c0c0
2018-06-23 13:01:38,346-[TS] INFO main com.neuedu.RedisTest - 
2018-06-23 13:03:42,229-[TS] INFO main org.hibernate.validator.internal.util.Version - HV000001: Hibernate Validator 5.4.2.Final
2018-06-23 13:03:42,915-[TS] INFO main com.neuedu.RedisTest - org.springframework.data.redis.core.RedisTemplate@5c48c0c0
2018-06-23 13:03:43,336-[TS] INFO main com.neuedu.RedisTest - 
2018-06-23 13:06:23,850-[TS] INFO main org.hibernate.validator.internal.util.Version - HV000001: Hibernate Validator 5.4.2.Final
2018-06-23 13:06:24,583-[TS] INFO main com.neuedu.RedisTest - org.springframework.data.redis.core.RedisTemplate@5c48c0c0
2018-06-23 13:07:00,961-[TS] INFO main org.hibernate.validator.internal.util.Version - HV000001: Hibernate Validator 5.4.2.Final
2018-06-23 13:07:01,647-[TS] INFO main com.neuedu.RedisTest - org.springframework.data.redis.core.RedisTemplate@5c48c0c0
2018-06-23 13:09:03,006-[TS] INFO main org.hibernate.validator.internal.util.Version - HV000001: Hibernate Validator 5.4.2.Final
2018-06-23 13:09:03,833-[TS] INFO main com.neuedu.RedisTest - org.springframework.data.redis.core.RedisTemplate@5c48c0c0
2018-06-23 13:10:00,114-[TS] INFO main org.hibernate.validator.internal.util.Version - HV000001: Hibernate Validator 5.4.2.Final
2018-06-23 13:10:01,580-[TS] INFO main com.neuedu.RedisTest - org.springframework.data.redis.core.StringRedisTemplate@4fcee388
2018-06-23 13:12:01,595-[TS] INFO main org.hibernate.validator.internal.util.Version - HV000001: Hibernate Validator 5.4.2.Final
2018-06-23 13:12:02,328-[TS] INFO main com.neuedu.RedisTest - org.springframework.data.redis.core.StringRedisTemplate@10c8f62
2018-06-23 13:15:56,122-[TS] INFO main org.hibernate.validator.internal.util.Version - HV000001: Hibernate Validator 5.4.2.Final
2018-06-23 13:15:56,777-[TS] INFO main com.neuedu.RedisTest - org.springframework.data.redis.core.RedisTemplate@5c48c0c0
2018-06-23 15:34:34,459-[TS] INFO main org.hibernate.validator.internal.util.Version - HV000001: Hibernate Validator 5.4.2.Final
2018-06-23 15:34:35,270-[TS] INFO main com.neuedu.RedisTest - org.springframework.data.redis.core.RedisTemplate@7c041b41
2018-06-23 15:35:08,850-[TS] INFO main org.hibernate.validator.internal.util.Version - HV000001: Hibernate Validator 5.4.2.Final
2018-06-23 15:35:09,505-[TS] INFO main com.neuedu.RedisTest - org.springframework.data.redis.core.RedisTemplate@7c041b41
2018-06-23 15:35:27,149-[TS] INFO main org.hibernate.validator.internal.util.Version - HV000001: Hibernate Validator 5.4.2.Final
2018-06-23 15:35:27,835-[TS] INFO main com.neuedu.RedisTest - org.springframework.data.redis.core.RedisTemplate@7c041b41
2018-06-23 15:36:43,855-[TS] INFO main org.hibernate.validator.internal.util.Version - HV000001: Hibernate Validator 5.4.2.Final
2018-06-23 15:36:44,526-[TS] INFO main com.neuedu.RedisTest - org.springframework.data.redis.core.RedisTemplate@7c041b41
2018-06-23 16:02:17,785-[TS] INFO main org.hibernate.validator.internal.util.Version - HV000001: Hibernate Validator 5.4.2.Final
2018-06-23 16:02:18,893-[TS] INFO main com.neuedu.RedisTest - org.springframework.data.redis.core.RedisTemplate@a50b09c
2018-06-23 16:02:42,225-[TS] INFO main org.hibernate.validator.internal.util.Version - HV000001: Hibernate Validator 5.4.2.Final
2018-06-23 16:02:43,255-[TS] INFO main com.neuedu.RedisTest - org.springframework.data.redis.core.RedisTemplate@a50b09c
2018-06-23 16:03:11,734-[TS] INFO main org.hibernate.validator.internal.util.Version - HV000001: Hibernate Validator 5.4.2.Final
2018-06-23 16:03:12,499-[TS] INFO main com.neuedu.RedisTest - org.springframework.data.redis.core.RedisTemplate@a50b09c
2018-06-23 16:03:35,098-[TS] INFO main org.hibernate.validator.internal.util.Version - HV000001: Hibernate Validator 5.4.2.Final
2018-06-23 16:03:35,815-[TS] INFO main com.neuedu.RedisTest - org.springframework.data.redis.core.RedisTemplate@a50b09c
2018-06-23 16:04:35,111-[TS] INFO main org.hibernate.validator.internal.util.Version - HV000001: Hibernate Validator 5.4.2.Final
2018-06-23 16:04:35,766-[TS] INFO main com.neuedu.RedisTest - org.springframework.data.redis.core.RedisTemplate@4ef27d66
2018-06-23 16:04:51,869-[TS] INFO main org.hibernate.validator.internal.util.Version - HV000001: Hibernate Validator 5.4.2.Final
2018-06-23 16:04:52,539-[TS] INFO main com.neuedu.RedisTest - org.springframework.data.redis.core.RedisTemplate@4ef27d66
2018-06-23 16:06:00,240-[TS] INFO main org.hibernate.validator.internal.util.Version - HV000001: Hibernate Validator 5.4.2.Final
2018-06-23 16:06:00,989-[TS] INFO main com.neuedu.RedisTest - org.springframework.data.redis.core.RedisTemplate@a50b09c
2018-06-23 16:31:29,435-[TS] INFO main org.hibernate.validator.internal.util.Version - HV000001: Hibernate Validator 5.4.2.Final
2018-06-23 16:31:30,893-[TS] INFO main com.neuedu.RedisTest - org.springframework.data.redis.core.RedisTemplate@5398edd0
2018-06-23 16:31:32,400-[TS] INFO main com.neuedu.RedisTest - {aof_rewrite_scheduled=0, keyspace_misses=21, mem_allocator=jemalloc-3.6.0, multiplexing_api=epoll, aof_last_write_status=ok, run_id=7d87d8c2aa1ade080592a94df8fb1a82916d0d26, uptime_in_seconds=14008, gcc_version=5.3.1, arch_bits=64, master_repl_offset=0, instantaneous_output_kbps=0.00, total_commands_processed=532, repl_backlog_size=1048576, sync_full=0, sync_partial_err=0, used_cpu_user=3.71, aof_enabled=0, redis_mode=standalone, rdb_changes_since_last_save=0, used_memory_lua=36864, redis_build_id=687a2a319020fa42, connected_slaves=0, expired_keys=0, used_memory=595552, used_memory_rss=9502720, rdb_last_bgsave_status=ok, process_id=1261, rejected_connections=0, rdb_bgsave_in_progress=0, cluster_enabled=0, tcp_port=6379, os=Linux 4.4.0-91-generic x86_64, aof_current_rewrite_time_sec=-1, repl_backlog_histlen=0, role=master, used_cpu_sys=11.17, aof_last_bgrewrite_status=ok, used_memory_peak_human=633.00K, hz=10, used_memory_human=581.59K, mem_fragmentation_ratio=15.96, rdb_last_bgsave_time_sec=0, blocked_clients=0, used_cpu_sys_children=0.00, repl_backlog_active=0, used_cpu_user_children=0.00, sync_partial_ok=0, aof_rewrite_in_progress=0, redis_git_sha1=00000000, client_longest_output_list=0, rdb_current_bgsave_time_sec=-1, aof_last_rewrite_time_sec=-1, config_file=/etc/redis/redis.conf, loading=0, pubsub_channels=0, db0=keys=17,expires=12,avg_ttl=2257875, migrate_cached_sockets=0, redis_git_dirty=0, connected_clients=4, lru_clock=3015929, pubsub_patterns=0, repl_backlog_first_byte_offset=0, total_net_output_bytes=28965527, client_biggest_input_buf=0, evicted_keys=0, total_connections_received=50, redis_version=3.0.6, total_net_input_bytes=100166, latest_fork_usec=760, used_memory_peak=648192, keyspace_hits=106, uptime_in_days=0, instantaneous_input_kbps=0.01, rdb_last_save_time=1529742168, instantaneous_ops_per_sec=0}
2018-06-23 16:32:39,535-[TS] INFO main org.hibernate.validator.internal.util.Version - HV000001: Hibernate Validator 5.4.2.Final
2018-06-23 16:32:40,307-[TS] INFO main com.neuedu.RedisTest - org.springframework.data.redis.core.RedisTemplate@5398edd0
2018-06-23 16:32:41,303-[TS] INFO main com.neuedu.RedisTest - 4
2018-06-23 16:32:50,853-[TS] INFO main org.hibernate.validator.internal.util.Version - HV000001: Hibernate Validator 5.4.2.Final
2018-06-23 16:32:51,620-[TS] INFO main com.neuedu.RedisTest - org.springframework.data.redis.core.RedisTemplate@5398edd0
2018-06-23 16:32:51,760-[TS] INFO main com.neuedu.RedisTest - 4
